<?xml version="1.0" encoding="UTF-8" ?>
<testsuite errors="6" failures="0" hostname="OmarsComputer" name="demo.LoginTest" skipped="0" tests="6" time="50.121" timestamp="2022-08-03T12:42:08">
  <properties>
[...]
</properties>
  <testcase classname="demo.LoginTest" name="ChromeInvalidTest" time="1.768">
    <error message="unknown error: cannot find Chrome binary&#xa;Build info: version: &apos;3.5.0&apos;, revision: &apos;8def36e068&apos;, time: &apos;2017-08-10T23:00:22.093Z&apos;&#xa;System info: host: &apos;OMARSCOMPUTER&apos;, ip: &apos;192.168.56.1&apos;, os.name: &apos;Windows 10&apos;, os.arch: &apos;amd64&apos;, os.version: &apos;10.0&apos;, java.version: &apos;17.0.1&apos;&#xa;Driver info: driver.version: ChromeDriver&#xa;remote stacktrace: Backtrace:&#xa;&#x9;Ordinal0 [0x00D95FD3+2187219]&#xa;&#x9;Ordinal0 [0x00D2E6D1+1763025]&#xa;&#x9;Ordinal0 [0x00C43E78+802424]&#xa;&#x9;Ordinal0 [0x00C6016E+917870]&#xa;&#x9;Ordinal0 [0x00C5E691+910993]&#xa;&#x9;Ordinal0 [0x00C917F0+1120240]&#xa;&#x9;Ordinal0 [0x00C9144A+1119306]&#xa;&#x9;Ordinal0 [0x00C8C9A6+1100198]&#xa;&#x9;Ordinal0 [0x00C66F80+946048]&#xa;&#x9;Ordinal0 [0x00C67E76+949878]&#xa;&#x9;GetHandleVerifier [0x010390C2+2721218]&#xa;&#x9;GetHandleVerifier [0x0102AAF0+2662384]&#xa;&#x9;GetHandleVerifier [0x00E2137A+526458]&#xa;&#x9;GetHandleVerifier [0x00E20416+522518]&#xa;&#x9;Ordinal0 [0x00D34EAB+1789611]&#xa;&#x9;Ordinal0 [0x00D397A8+1808296]&#xa;&#x9;Ordinal0 [0x00D39895+1808533]&#xa;&#x9;Ordinal0 [0x00D426C1+1844929]&#xa;&#x9;BaseThreadInitThunk [0x76DF6739+25]&#xa;&#x9;RtlGetFullPathName_UEx [0x77D18FEF+1215]&#xa;&#x9;RtlGetFullPathName_UEx [0x77D18FBD+1165]&#xa;" type="org.openqa.selenium.WebDriverException">org.openqa.selenium.WebDriverException: unknown error: cannot find Chrome binary
Build info: version: &apos;3.5.0&apos;, revision: &apos;8def36e068&apos;, time: &apos;2017-08-10T23:00:22.093Z&apos;
System info: host: &apos;OMARSCOMPUTER&apos;, ip: &apos;192.168.56.1&apos;, os.name: &apos;Windows 10&apos;, os.arch: &apos;amd64&apos;, os.version: &apos;10.0&apos;, java.version: &apos;17.0.1&apos;
Driver info: driver.version: ChromeDriver
remote stacktrace: Backtrace:
	Ordinal0 [0x00D95FD3+2187219]
	Ordinal0 [0x00D2E6D1+1763025]
	Ordinal0 [0x00C43E78+802424]
	Ordinal0 [0x00C6016E+917870]
	Ordinal0 [0x00C5E691+910993]
	Ordinal0 [0x00C917F0+1120240]
	Ordinal0 [0x00C9144A+1119306]
	Ordinal0 [0x00C8C9A6+1100198]
	Ordinal0 [0x00C66F80+946048]
	Ordinal0 [0x00C67E76+949878]
	GetHandleVerifier [0x010390C2+2721218]
	GetHandleVerifier [0x0102AAF0+2662384]
	GetHandleVerifier [0x00E2137A+526458]
	GetHandleVerifier [0x00E20416+522518]
	Ordinal0 [0x00D34EAB+1789611]
	Ordinal0 [0x00D397A8+1808296]
	Ordinal0 [0x00D39895+1808533]
	Ordinal0 [0x00D426C1+1844929]
	BaseThreadInitThunk [0x76DF6739+25]
	RtlGetFullPathName_UEx [0x77D18FEF+1215]
	RtlGetFullPathName_UEx [0x77D18FBD+1165]

	at java.base/jdk.internal.reflect.NativeConstructorAccessorImpl.newInstance0(Native Method)
	at java.base/jdk.internal.reflect.NativeConstructorAccessorImpl.newInstance(NativeConstructorAccessorImpl.java:77)
	at java.base/jdk.internal.reflect.DelegatingConstructorAccessorImpl.newInstance(DelegatingConstructorAccessorImpl.java:45)
	at java.base/java.lang.reflect.Constructor.newInstanceWithCaller(Constructor.java:499)
	at java.base/java.lang.reflect.Constructor.newInstance(Constructor.java:480)
	at org.openqa.selenium.remote.W3CHandshakeResponse.lambda$new$0(W3CHandshakeResponse.java:57)
	at org.openqa.selenium.remote.W3CHandshakeResponse.lambda$getResponseFunction$2(W3CHandshakeResponse.java:104)
	at org.openqa.selenium.remote.ProtocolHandshake.lambda$createSession$24(ProtocolHandshake.java:360)
	at java.base/java.util.stream.ReferencePipeline$3$1.accept(ReferencePipeline.java:197)
	at java.base/java.util.Spliterators$ArraySpliterator.tryAdvance(Spliterators.java:1002)
	at java.base/java.util.stream.ReferencePipeline.forEachWithCancel(ReferencePipeline.java:129)
	at java.base/java.util.stream.AbstractPipeline.copyIntoWithCancel(AbstractPipeline.java:527)
	at java.base/java.util.stream.AbstractPipeline.copyInto(AbstractPipeline.java:513)
	at java.base/java.util.stream.AbstractPipeline.wrapAndCopyInto(AbstractPipeline.java:499)
	at java.base/java.util.stream.FindOps$FindOp.evaluateSequential(FindOps.java:150)
	at java.base/java.util.stream.AbstractPipeline.evaluate(AbstractPipeline.java:234)
	at java.base/java.util.stream.ReferencePipeline.findFirst(ReferencePipeline.java:647)
	at org.openqa.selenium.remote.ProtocolHandshake.createSession(ProtocolHandshake.java:363)
	at org.openqa.selenium.remote.ProtocolHandshake.createSession(ProtocolHandshake.java:137)
	at org.openqa.selenium.remote.HttpCommandExecutor.execute(HttpCommandExecutor.java:142)
	at org.openqa.selenium.remote.service.DriverCommandExecutor.execute(DriverCommandExecutor.java:82)
	at org.openqa.selenium.remote.RemoteWebDriver.execute(RemoteWebDriver.java:641)
	at org.openqa.selenium.remote.RemoteWebDriver.startSession(RemoteWebDriver.java:254)
	at org.openqa.selenium.remote.RemoteWebDriver.startSession(RemoteWebDriver.java:236)
	at org.openqa.selenium.remote.RemoteWebDriver.&lt;init&gt;(RemoteWebDriver.java:137)
	at org.openqa.selenium.chrome.ChromeDriver.&lt;init&gt;(ChromeDriver.java:178)
	at org.openqa.selenium.chrome.ChromeDriver.&lt;init&gt;(ChromeDriver.java:167)
	at org.openqa.selenium.chrome.ChromeDriver.&lt;init&gt;(ChromeDriver.java:124)
	at demo.LoginTest.ChromeInvalidTest(LoginTest.java:138)
	at java.base/jdk.internal.reflect.NativeMethodAccessorImpl.invoke0(Native Method)
	at java.base/jdk.internal.reflect.NativeMethodAccessorImpl.invoke(NativeMethodAccessorImpl.java:77)
	at java.base/jdk.internal.reflect.DelegatingMethodAccessorImpl.invoke(DelegatingMethodAccessorImpl.java:43)
</error>
  </testcase>
  <testcase classname="demo.LoginTest" name="ChromeValidTest" time="0.417">
    <error message="unknown error: cannot find Chrome binary&#xa;Build info: version: &apos;3.5.0&apos;, revision: &apos;8def36e068&apos;, time: &apos;2017-08-10T23:00:22.093Z&apos;&#xa;System info: host: &apos;OMARSCOMPUTER&apos;, ip: &apos;192.168.56.1&apos;, os.name: &apos;Windows 10&apos;, os.arch: &apos;amd64&apos;, os.version: &apos;10.0&apos;, java.version: &apos;17.0.1&apos;&#xa;Driver info: driver.version: ChromeDriver&#xa;remote stacktrace: Backtrace:&#xa;&#x9;Ordinal0 [0x00D95FD3+2187219]&#xa;&#x9;Ordinal0 [0x00D2E6D1+1763025]&#xa;&#x9;Ordinal0 [0x00C43E78+802424]&#xa;&#x9;Ordinal0 [0x00C6016E+917870]&#xa;&#x9;Ordinal0 [0x00C5E691+910993]&#xa;&#x9;Ordinal0 [0x00C917F0+1120240]&#xa;&#x9;Ordinal0 [0x00C9144A+1119306]&#xa;&#x9;Ordinal0 [0x00C8C9A6+1100198]&#xa;&#x9;Ordinal0 [0x00C66F80+946048]&#xa;&#x9;Ordinal0 [0x00C67E76+949878]&#xa;&#x9;GetHandleVerifier [0x010390C2+2721218]&#xa;&#x9;GetHandleVerifier [0x0102AAF0+2662384]&#xa;&#x9;GetHandleVerifier [0x00E2137A+526458]&#xa;&#x9;GetHandleVerifier [0x00E20416+522518]&#xa;&#x9;Ordinal0 [0x00D34EAB+1789611]&#xa;&#x9;Ordinal0 [0x00D397A8+1808296]&#xa;&#x9;Ordinal0 [0x00D39895+1808533]&#xa;&#x9;Ordinal0 [0x00D426C1+1844929]&#xa;&#x9;BaseThreadInitThunk [0x76DF6739+25]&#xa;&#x9;RtlGetFullPathName_UEx [0x77D18FEF+1215]&#xa;&#x9;RtlGetFullPathName_UEx [0x77D18FBD+1165]&#xa;" type="org.openqa.selenium.WebDriverException">org.openqa.selenium.WebDriverException: unknown error: cannot find Chrome binary
Build info: version: &apos;3.5.0&apos;, revision: &apos;8def36e068&apos;, time: &apos;2017-08-10T23:00:22.093Z&apos;
System info: host: &apos;OMARSCOMPUTER&apos;, ip: &apos;192.168.56.1&apos;, os.name: &apos;Windows 10&apos;, os.arch: &apos;amd64&apos;, os.version: &apos;10.0&apos;, java.version: &apos;17.0.1&apos;
Driver info: driver.version: ChromeDriver
remote stacktrace: Backtrace:
	Ordinal0 [0x00D95FD3+2187219]
	Ordinal0 [0x00D2E6D1+1763025]
	Ordinal0 [0x00C43E78+802424]
	Ordinal0 [0x00C6016E+917870]
	Ordinal0 [0x00C5E691+910993]
	Ordinal0 [0x00C917F0+1120240]
	Ordinal0 [0x00C9144A+1119306]
	Ordinal0 [0x00C8C9A6+1100198]
	Ordinal0 [0x00C66F80+946048]
	Ordinal0 [0x00C67E76+949878]
	GetHandleVerifier [0x010390C2+2721218]
	GetHandleVerifier [0x0102AAF0+2662384]
	GetHandleVerifier [0x00E2137A+526458]
	GetHandleVerifier [0x00E20416+522518]
	Ordinal0 [0x00D34EAB+1789611]
	Ordinal0 [0x00D397A8+1808296]
	Ordinal0 [0x00D39895+1808533]
	Ordinal0 [0x00D426C1+1844929]
	BaseThreadInitThunk [0x76DF6739+25]
	RtlGetFullPathName_UEx [0x77D18FEF+1215]
	RtlGetFullPathName_UEx [0x77D18FBD+1165]

	at java.base/jdk.internal.reflect.NativeConstructorAccessorImpl.newInstance0(Native Method)
	at java.base/jdk.internal.reflect.NativeConstructorAccessorImpl.newInstance(NativeConstructorAccessorImpl.java:77)
	at java.base/jdk.internal.reflect.DelegatingConstructorAccessorImpl.newInstance(DelegatingConstructorAccessorImpl.java:45)
	at java.base/java.lang.reflect.Constructor.newInstanceWithCaller(Constructor.java:499)
	at java.base/java.lang.reflect.Constructor.newInstance(Constructor.java:480)
	at org.openqa.selenium.remote.W3CHandshakeResponse.lambda$new$0(W3CHandshakeResponse.java:57)
	at org.openqa.selenium.remote.W3CHandshakeResponse.lambda$getResponseFunction$2(W3CHandshakeResponse.java:104)
	at org.openqa.selenium.remote.ProtocolHandshake.lambda$createSession$24(ProtocolHandshake.java:360)
	at java.base/java.util.stream.ReferencePipeline$3$1.accept(ReferencePipeline.java:197)
	at java.base/java.util.Spliterators$ArraySpliterator.tryAdvance(Spliterators.java:1002)
	at java.base/java.util.stream.ReferencePipeline.forEachWithCancel(ReferencePipeline.java:129)
	at java.base/java.util.stream.AbstractPipeline.copyIntoWithCancel(AbstractPipeline.java:527)
	at java.base/java.util.stream.AbstractPipeline.copyInto(AbstractPipeline.java:513)
	at java.base/java.util.stream.AbstractPipeline.wrapAndCopyInto(AbstractPipeline.java:499)
	at java.base/java.util.stream.FindOps$FindOp.evaluateSequential(FindOps.java:150)
	at java.base/java.util.stream.AbstractPipeline.evaluate(AbstractPipeline.java:234)
	at java.base/java.util.stream.ReferencePipeline.findFirst(ReferencePipeline.java:647)
	at org.openqa.selenium.remote.ProtocolHandshake.createSession(ProtocolHandshake.java:363)
	at org.openqa.selenium.remote.ProtocolHandshake.createSession(ProtocolHandshake.java:137)
	at org.openqa.selenium.remote.HttpCommandExecutor.execute(HttpCommandExecutor.java:142)
	at org.openqa.selenium.remote.service.DriverCommandExecutor.execute(DriverCommandExecutor.java:82)
	at org.openqa.selenium.remote.RemoteWebDriver.execute(RemoteWebDriver.java:641)
	at org.openqa.selenium.remote.RemoteWebDriver.startSession(RemoteWebDriver.java:254)
	at org.openqa.selenium.remote.RemoteWebDriver.startSession(RemoteWebDriver.java:236)
	at org.openqa.selenium.remote.RemoteWebDriver.&lt;init&gt;(RemoteWebDriver.java:137)
	at org.openqa.selenium.chrome.ChromeDriver.&lt;init&gt;(ChromeDriver.java:178)
	at org.openqa.selenium.chrome.ChromeDriver.&lt;init&gt;(ChromeDriver.java:167)
	at org.openqa.selenium.chrome.ChromeDriver.&lt;init&gt;(ChromeDriver.java:124)
	at demo.LoginTest.ChromeValidTest(LoginTest.java:176)
	at java.base/jdk.internal.reflect.NativeMethodAccessorImpl.invoke0(Native Method)
	at java.base/jdk.internal.reflect.NativeMethodAccessorImpl.invoke(NativeMethodAccessorImpl.java:77)
	at java.base/jdk.internal.reflect.DelegatingMethodAccessorImpl.invoke(DelegatingMethodAccessorImpl.java:43)
</error>
  </testcase>
  <testcase classname="demo.LoginTest" name="EdgeInvalidTest" time="1.283">
    <error message="session not created: This version of MSEdgeDriver only supports MSEdge version 101&#xa;Current browser version is 103.0.1264.77 with binary path C:\Program Files (x86)\Microsoft\Edge\Application\msedge.exe&#xa;Build info: version: &apos;3.5.0&apos;, revision: &apos;8def36e068&apos;, time: &apos;2017-08-10T23:00:22.093Z&apos;&#xa;System info: host: &apos;OMARSCOMPUTER&apos;, ip: &apos;192.168.56.1&apos;, os.name: &apos;Windows 10&apos;, os.arch: &apos;amd64&apos;, os.version: &apos;10.0&apos;, java.version: &apos;17.0.1&apos;&#xa;Driver info: driver.version: EdgeDriver&#xa;remote stacktrace: Backtrace:&#xa;&#x9;Microsoft::Applications::Events::EventProperties::unpack [0x00007FF78FA8CC42+24658]&#xa;&#x9;Microsoft::Applications::Events::time_ticks_t::time_ticks_t [0x00007FF78F9CD332+539986]&#xa;&#x9;Ordinal0 [0x00007FF78F4D0F05+659205]&#xa;&#x9;Ordinal0 [0x00007FF78F4FBD6F+834927]&#xa;&#x9;Ordinal0 [0x00007FF78F4F7214+815636]&#xa;&#x9;Ordinal0 [0x00007FF78F4F2F3B+798523]&#xa;&#x9;Ordinal0 [0x00007FF78F52CD9D+1035677]&#xa;&#x9;Ordinal0 [0x00007FF78F5274B3+1012915]&#xa;&#x9;Ordinal0 [0x00007FF78F4FE440+844864]&#xa;&#x9;Ordinal0 [0x00007FF78F4FF848+849992]&#xa;&#x9;Microsoft::Applications::Events::EventProperty::EventProperty [0x00007FF78F7917F8+120584]&#xa;&#x9;Microsoft::Applications::Events::EventProperty::EventProperty [0x00007FF78F77CE3E+36174]&#xa;&#x9;Microsoft::Applications::Events::EventProperty::EventProperty [0x00007FF78F78003C+48972]&#xa;&#x9;Microsoft::Applications::Events::EventProperty::to_string [0x00007FF78F5D0716+30806]&#xa;&#x9;Microsoft::Applications::Events::time_ticks_t::time_ticks_t [0x00007FF78F9D4601+569377]&#xa;&#x9;Microsoft::Applications::Events::time_ticks_t::time_ticks_t [0x00007FF78F9D9034+588372]&#xa;&#x9;Microsoft::Applications::Events::time_ticks_t::time_ticks_t [0x00007FF78F9D918D+588717]&#xa;&#x9;Microsoft::Applications::Events::time_ticks_t::time_ticks_t [0x00007FF78F9E291E+627518]&#xa;&#x9;BaseThreadInitThunk [0x00007FFC8A9C54E0+16]&#xa;&#x9;RtlUserThreadStart [0x00007FFC8CB2485B+43]&#xa;" type="org.openqa.selenium.SessionNotCreatedException">org.openqa.selenium.SessionNotCreatedException: session not created: This version of MSEdgeDriver only supports MSEdge version 101
Current browser version is 103.0.1264.77 with binary path C:\Program Files (x86)\Microsoft\Edge\Application\msedge.exe
Build info: version: &apos;3.5.0&apos;, revision: &apos;8def36e068&apos;, time: &apos;2017-08-10T23:00:22.093Z&apos;
System info: host: &apos;OMARSCOMPUTER&apos;, ip: &apos;192.168.56.1&apos;, os.name: &apos;Windows 10&apos;, os.arch: &apos;amd64&apos;, os.version: &apos;10.0&apos;, java.version: &apos;17.0.1&apos;
Driver info: driver.version: EdgeDriver
remote stacktrace: Backtrace:
	Microsoft::Applications::Events::EventProperties::unpack [0x00007FF78FA8CC42+24658]
	Microsoft::Applications::Events::time_ticks_t::time_ticks_t [0x00007FF78F9CD332+539986]
	Ordinal0 [0x00007FF78F4D0F05+659205]
	Ordinal0 [0x00007FF78F4FBD6F+834927]
	Ordinal0 [0x00007FF78F4F7214+815636]
	Ordinal0 [0x00007FF78F4F2F3B+798523]
	Ordinal0 [0x00007FF78F52CD9D+1035677]
	Ordinal0 [0x00007FF78F5274B3+1012915]
	Ordinal0 [0x00007FF78F4FE440+844864]
	Ordinal0 [0x00007FF78F4FF848+849992]
	Microsoft::Applications::Events::EventProperty::EventProperty [0x00007FF78F7917F8+120584]
	Microsoft::Applications::Events::EventProperty::EventProperty [0x00007FF78F77CE3E+36174]
	Microsoft::Applications::Events::EventProperty::EventProperty [0x00007FF78F78003C+48972]
	Microsoft::Applications::Events::EventProperty::to_string [0x00007FF78F5D0716+30806]
	Microsoft::Applications::Events::time_ticks_t::time_ticks_t [0x00007FF78F9D4601+569377]
	Microsoft::Applications::Events::time_ticks_t::time_ticks_t [0x00007FF78F9D9034+588372]
	Microsoft::Applications::Events::time_ticks_t::time_ticks_t [0x00007FF78F9D918D+588717]
	Microsoft::Applications::Events::time_ticks_t::time_ticks_t [0x00007FF78F9E291E+627518]
	BaseThreadInitThunk [0x00007FFC8A9C54E0+16]
	RtlUserThreadStart [0x00007FFC8CB2485B+43]

	at java.base/jdk.internal.reflect.NativeConstructorAccessorImpl.newInstance0(Native Method)
	at java.base/jdk.internal.reflect.NativeConstructorAccessorImpl.newInstance(NativeConstructorAccessorImpl.java:77)
	at java.base/jdk.internal.reflect.DelegatingConstructorAccessorImpl.newInstance(DelegatingConstructorAccessorImpl.java:45)
	at java.base/java.lang.reflect.Constructor.newInstanceWithCaller(Constructor.java:499)
	at java.base/java.lang.reflect.Constructor.newInstance(Constructor.java:480)
	at org.openqa.selenium.remote.W3CHandshakeResponse.lambda$new$0(W3CHandshakeResponse.java:57)
	at org.openqa.selenium.remote.W3CHandshakeResponse.lambda$getResponseFunction$2(W3CHandshakeResponse.java:104)
	at org.openqa.selenium.remote.ProtocolHandshake.lambda$createSession$24(ProtocolHandshake.java:360)
	at java.base/java.util.stream.ReferencePipeline$3$1.accept(ReferencePipeline.java:197)
	at java.base/java.util.Spliterators$ArraySpliterator.tryAdvance(Spliterators.java:1002)
	at java.base/java.util.stream.ReferencePipeline.forEachWithCancel(ReferencePipeline.java:129)
	at java.base/java.util.stream.AbstractPipeline.copyIntoWithCancel(AbstractPipeline.java:527)
	at java.base/java.util.stream.AbstractPipeline.copyInto(AbstractPipeline.java:513)
	at java.base/java.util.stream.AbstractPipeline.wrapAndCopyInto(AbstractPipeline.java:499)
	at java.base/java.util.stream.FindOps$FindOp.evaluateSequential(FindOps.java:150)
	at java.base/java.util.stream.AbstractPipeline.evaluate(AbstractPipeline.java:234)
	at java.base/java.util.stream.ReferencePipeline.findFirst(ReferencePipeline.java:647)
	at org.openqa.selenium.remote.ProtocolHandshake.createSession(ProtocolHandshake.java:363)
	at org.openqa.selenium.remote.ProtocolHandshake.createSession(ProtocolHandshake.java:137)
	at org.openqa.selenium.remote.HttpCommandExecutor.execute(HttpCommandExecutor.java:142)
	at org.openqa.selenium.remote.service.DriverCommandExecutor.execute(DriverCommandExecutor.java:82)
	at org.openqa.selenium.remote.RemoteWebDriver.execute(RemoteWebDriver.java:641)
	at org.openqa.selenium.remote.RemoteWebDriver.startSession(RemoteWebDriver.java:254)
	at org.openqa.selenium.remote.RemoteWebDriver.startSession(RemoteWebDriver.java:236)
	at org.openqa.selenium.remote.RemoteWebDriver.&lt;init&gt;(RemoteWebDriver.java:137)
	at org.openqa.selenium.edge.EdgeDriver.&lt;init&gt;(EdgeDriver.java:150)
	at org.openqa.selenium.edge.EdgeDriver.&lt;init&gt;(EdgeDriver.java:139)
	at org.openqa.selenium.edge.EdgeDriver.&lt;init&gt;(EdgeDriver.java:96)
	at demo.LoginTest.EdgeInvalidTest(LoginTest.java:210)
	at java.base/jdk.internal.reflect.NativeMethodAccessorImpl.invoke0(Native Method)
	at java.base/jdk.internal.reflect.NativeMethodAccessorImpl.invoke(NativeMethodAccessorImpl.java:77)
	at java.base/jdk.internal.reflect.DelegatingMethodAccessorImpl.invoke(DelegatingMethodAccessorImpl.java:43)
</error>
  </testcase>
  <testcase classname="demo.LoginTest" name="EdgeValidTest" time="2.462">
    <error message="session not created: This version of MSEdgeDriver only supports MSEdge version 101&#xa;Current browser version is 103.0.1264.77 with binary path C:\Program Files (x86)\Microsoft\Edge\Application\msedge.exe&#xa;Build info: version: &apos;3.5.0&apos;, revision: &apos;8def36e068&apos;, time: &apos;2017-08-10T23:00:22.093Z&apos;&#xa;System info: host: &apos;OMARSCOMPUTER&apos;, ip: &apos;192.168.56.1&apos;, os.name: &apos;Windows 10&apos;, os.arch: &apos;amd64&apos;, os.version: &apos;10.0&apos;, java.version: &apos;17.0.1&apos;&#xa;Driver info: driver.version: EdgeDriver&#xa;remote stacktrace: Backtrace:&#xa;&#x9;Microsoft::Applications::Events::EventProperties::unpack [0x00007FF78FA8CC42+24658]&#xa;&#x9;Microsoft::Applications::Events::time_ticks_t::time_ticks_t [0x00007FF78F9CD332+539986]&#xa;&#x9;Ordinal0 [0x00007FF78F4D0F05+659205]&#xa;&#x9;Ordinal0 [0x00007FF78F4FBD6F+834927]&#xa;&#x9;Ordinal0 [0x00007FF78F4F7214+815636]&#xa;&#x9;Ordinal0 [0x00007FF78F4F2F3B+798523]&#xa;&#x9;Ordinal0 [0x00007FF78F52CD9D+1035677]&#xa;&#x9;Ordinal0 [0x00007FF78F5274B3+1012915]&#xa;&#x9;Ordinal0 [0x00007FF78F4FE440+844864]&#xa;&#x9;Ordinal0 [0x00007FF78F4FF848+849992]&#xa;&#x9;Microsoft::Applications::Events::EventProperty::EventProperty [0x00007FF78F7917F8+120584]&#xa;&#x9;Microsoft::Applications::Events::EventProperty::EventProperty [0x00007FF78F77CE3E+36174]&#xa;&#x9;Microsoft::Applications::Events::EventProperty::EventProperty [0x00007FF78F78003C+48972]&#xa;&#x9;Microsoft::Applications::Events::EventProperty::to_string [0x00007FF78F5D0716+30806]&#xa;&#x9;Microsoft::Applications::Events::time_ticks_t::time_ticks_t [0x00007FF78F9D4601+569377]&#xa;&#x9;Microsoft::Applications::Events::time_ticks_t::time_ticks_t [0x00007FF78F9D9034+588372]&#xa;&#x9;Microsoft::Applications::Events::time_ticks_t::time_ticks_t [0x00007FF78F9D918D+588717]&#xa;&#x9;Microsoft::Applications::Events::time_ticks_t::time_ticks_t [0x00007FF78F9E291E+627518]&#xa;&#x9;BaseThreadInitThunk [0x00007FFC8A9C54E0+16]&#xa;&#x9;RtlUserThreadStart [0x00007FFC8CB2485B+43]&#xa;" type="org.openqa.selenium.SessionNotCreatedException">org.openqa.selenium.SessionNotCreatedException: session not created: This version of MSEdgeDriver only supports MSEdge version 101
Current browser version is 103.0.1264.77 with binary path C:\Program Files (x86)\Microsoft\Edge\Application\msedge.exe
Build info: version: &apos;3.5.0&apos;, revision: &apos;8def36e068&apos;, time: &apos;2017-08-10T23:00:22.093Z&apos;
System info: host: &apos;OMARSCOMPUTER&apos;, ip: &apos;192.168.56.1&apos;, os.name: &apos;Windows 10&apos;, os.arch: &apos;amd64&apos;, os.version: &apos;10.0&apos;, java.version: &apos;17.0.1&apos;
Driver info: driver.version: EdgeDriver
remote stacktrace: Backtrace:
	Microsoft::Applications::Events::EventProperties::unpack [0x00007FF78FA8CC42+24658]
	Microsoft::Applications::Events::time_ticks_t::time_ticks_t [0x00007FF78F9CD332+539986]
	Ordinal0 [0x00007FF78F4D0F05+659205]
	Ordinal0 [0x00007FF78F4FBD6F+834927]
	Ordinal0 [0x00007FF78F4F7214+815636]
	Ordinal0 [0x00007FF78F4F2F3B+798523]
	Ordinal0 [0x00007FF78F52CD9D+1035677]
	Ordinal0 [0x00007FF78F5274B3+1012915]
	Ordinal0 [0x00007FF78F4FE440+844864]
	Ordinal0 [0x00007FF78F4FF848+849992]
	Microsoft::Applications::Events::EventProperty::EventProperty [0x00007FF78F7917F8+120584]
	Microsoft::Applications::Events::EventProperty::EventProperty [0x00007FF78F77CE3E+36174]
	Microsoft::Applications::Events::EventProperty::EventProperty [0x00007FF78F78003C+48972]
	Microsoft::Applications::Events::EventProperty::to_string [0x00007FF78F5D0716+30806]
	Microsoft::Applications::Events::time_ticks_t::time_ticks_t [0x00007FF78F9D4601+569377]
	Microsoft::Applications::Events::time_ticks_t::time_ticks_t [0x00007FF78F9D9034+588372]
	Microsoft::Applications::Events::time_ticks_t::time_ticks_t [0x00007FF78F9D918D+588717]
	Microsoft::Applications::Events::time_ticks_t::time_ticks_t [0x00007FF78F9E291E+627518]
	BaseThreadInitThunk [0x00007FFC8A9C54E0+16]
	RtlUserThreadStart [0x00007FFC8CB2485B+43]

	at java.base/jdk.internal.reflect.NativeConstructorAccessorImpl.newInstance0(Native Method)
	at java.base/jdk.internal.reflect.NativeConstructorAccessorImpl.newInstance(NativeConstructorAccessorImpl.java:77)
	at java.base/jdk.internal.reflect.DelegatingConstructorAccessorImpl.newInstance(DelegatingConstructorAccessorImpl.java:45)
	at java.base/java.lang.reflect.Constructor.newInstanceWithCaller(Constructor.java:499)
	at java.base/java.lang.reflect.Constructor.newInstance(Constructor.java:480)
	at org.openqa.selenium.remote.W3CHandshakeResponse.lambda$new$0(W3CHandshakeResponse.java:57)
	at org.openqa.selenium.remote.W3CHandshakeResponse.lambda$getResponseFunction$2(W3CHandshakeResponse.java:104)
	at org.openqa.selenium.remote.ProtocolHandshake.lambda$createSession$24(ProtocolHandshake.java:360)
	at java.base/java.util.stream.ReferencePipeline$3$1.accept(ReferencePipeline.java:197)
	at java.base/java.util.Spliterators$ArraySpliterator.tryAdvance(Spliterators.java:1002)
	at java.base/java.util.stream.ReferencePipeline.forEachWithCancel(ReferencePipeline.java:129)
	at java.base/java.util.stream.AbstractPipeline.copyIntoWithCancel(AbstractPipeline.java:527)
	at java.base/java.util.stream.AbstractPipeline.copyInto(AbstractPipeline.java:513)
	at java.base/java.util.stream.AbstractPipeline.wrapAndCopyInto(AbstractPipeline.java:499)
	at java.base/java.util.stream.FindOps$FindOp.evaluateSequential(FindOps.java:150)
	at java.base/java.util.stream.AbstractPipeline.evaluate(AbstractPipeline.java:234)
	at java.base/java.util.stream.ReferencePipeline.findFirst(ReferencePipeline.java:647)
	at org.openqa.selenium.remote.ProtocolHandshake.createSession(ProtocolHandshake.java:363)
	at org.openqa.selenium.remote.ProtocolHandshake.createSession(ProtocolHandshake.java:137)
	at org.openqa.selenium.remote.HttpCommandExecutor.execute(HttpCommandExecutor.java:142)
	at org.openqa.selenium.remote.service.DriverCommandExecutor.execute(DriverCommandExecutor.java:82)
	at org.openqa.selenium.remote.RemoteWebDriver.execute(RemoteWebDriver.java:641)
	at org.openqa.selenium.remote.RemoteWebDriver.startSession(RemoteWebDriver.java:254)
	at org.openqa.selenium.remote.RemoteWebDriver.startSession(RemoteWebDriver.java:236)
	at org.openqa.selenium.remote.RemoteWebDriver.&lt;init&gt;(RemoteWebDriver.java:137)
	at org.openqa.selenium.edge.EdgeDriver.&lt;init&gt;(EdgeDriver.java:150)
	at org.openqa.selenium.edge.EdgeDriver.&lt;init&gt;(EdgeDriver.java:139)
	at org.openqa.selenium.edge.EdgeDriver.&lt;init&gt;(EdgeDriver.java:96)
	at demo.LoginTest.EdgeValidTest(LoginTest.java:248)
	at java.base/jdk.internal.reflect.NativeMethodAccessorImpl.invoke0(Native Method)
	at java.base/jdk.internal.reflect.NativeMethodAccessorImpl.invoke(NativeMethodAccessorImpl.java:77)
	at java.base/jdk.internal.reflect.DelegatingMethodAccessorImpl.invoke(DelegatingMethodAccessorImpl.java:43)
</error>
  </testcase>
  <testcase classname="demo.LoginTest" name="FirefoxInvalidTest" time="41.86">
    <error message="Element &lt;a class=&quot;HeaderMenu-link flex-shrink-0 no-underline&quot; href=&quot;/login&quot;&gt; is not clickable at point (30,937) because another element &lt;html id=&quot;top&quot;&gt; obscures it&#xa;Build info: version: &apos;3.5.0&apos;, revision: &apos;8def36e068&apos;, time: &apos;2017-08-10T23:00:22.093Z&apos;&#xa;System info: host: &apos;OMARSCOMPUTER&apos;, ip: &apos;192.168.56.1&apos;, os.name: &apos;Windows 10&apos;, os.arch: &apos;amd64&apos;, os.version: &apos;10.0&apos;, java.version: &apos;17.0.1&apos;&#xa;Driver info: org.openqa.selenium.firefox.FirefoxDriver&#xa;Capabilities [{moz:profile=C:\Users\OMARFE~1\AppData\Local\Temp\rust_mozprofile29tJbW, moz:geckodriverVersion=0.31.0, timeouts={implicit=0.0, pageLoad=300000.0, script=30000.0}, pageLoadStrategy=normal, unhandledPromptBehavior=dismiss and notify, strictFileInteractability=false, moz:headless=false, moz:windowless=false, platform=ANY, proxy=Proxy(), moz:accessibilityChecks=false, moz:useNonSpecCompliantPointerOrigin=false, acceptInsecureCerts=false, browserVersion=103.0.1, moz:shutdownTimeout=60000.0, moz:processID=18888.0, browserName=firefox, moz:buildID=20220729222726, javascriptEnabled=true, moz:platformVersion=10.0, platformName=windows, setWindowRect=true, moz:webdriverClick=true}]&#xa;Session ID: 8ec6db8a-b56f-40ca-958d-bb31c96189c2" type="org.openqa.selenium.WebDriverException">org.openqa.selenium.WebDriverException: Element &lt;a class=&quot;HeaderMenu-link flex-shrink-0 no-underline&quot; href=&quot;/login&quot;&gt; is not clickable at point (30,937) because another element &lt;html id=&quot;top&quot;&gt; obscures it
Build info: version: &apos;3.5.0&apos;, revision: &apos;8def36e068&apos;, time: &apos;2017-08-10T23:00:22.093Z&apos;
System info: host: &apos;OMARSCOMPUTER&apos;, ip: &apos;192.168.56.1&apos;, os.name: &apos;Windows 10&apos;, os.arch: &apos;amd64&apos;, os.version: &apos;10.0&apos;, java.version: &apos;17.0.1&apos;
Driver info: org.openqa.selenium.firefox.FirefoxDriver
Capabilities [{moz:profile=C:\Users\OMARFE~1\AppData\Local\Temp\rust_mozprofile29tJbW, moz:geckodriverVersion=0.31.0, timeouts={implicit=0.0, pageLoad=300000.0, script=30000.0}, pageLoadStrategy=normal, unhandledPromptBehavior=dismiss and notify, strictFileInteractability=false, moz:headless=false, moz:windowless=false, platform=ANY, proxy=Proxy(), moz:accessibilityChecks=false, moz:useNonSpecCompliantPointerOrigin=false, acceptInsecureCerts=false, browserVersion=103.0.1, moz:shutdownTimeout=60000.0, moz:processID=18888.0, browserName=firefox, moz:buildID=20220729222726, javascriptEnabled=true, moz:platformVersion=10.0, platformName=windows, setWindowRect=true, moz:webdriverClick=true}]
Session ID: 8ec6db8a-b56f-40ca-958d-bb31c96189c2
	at java.base/jdk.internal.reflect.NativeConstructorAccessorImpl.newInstance0(Native Method)
	at java.base/jdk.internal.reflect.NativeConstructorAccessorImpl.newInstance(NativeConstructorAccessorImpl.java:77)
	at java.base/jdk.internal.reflect.DelegatingConstructorAccessorImpl.newInstance(DelegatingConstructorAccessorImpl.java:45)
	at java.base/java.lang.reflect.Constructor.newInstanceWithCaller(Constructor.java:499)
	at java.base/java.lang.reflect.Constructor.newInstance(Constructor.java:480)
	at org.openqa.selenium.remote.http.W3CHttpResponseCodec.createException(W3CHttpResponseCodec.java:185)
	at org.openqa.selenium.remote.http.W3CHttpResponseCodec.decode(W3CHttpResponseCodec.java:120)
	at org.openqa.selenium.remote.http.W3CHttpResponseCodec.decode(W3CHttpResponseCodec.java:49)
	at org.openqa.selenium.remote.HttpCommandExecutor.execute(HttpCommandExecutor.java:164)
	at org.openqa.selenium.remote.service.DriverCommandExecutor.execute(DriverCommandExecutor.java:82)
	at org.openqa.selenium.remote.RemoteWebDriver.execute(RemoteWebDriver.java:641)
	at org.openqa.selenium.remote.RemoteWebElement.execute(RemoteWebElement.java:275)
	at org.openqa.selenium.remote.RemoteWebElement.click(RemoteWebElement.java:82)
	at demo.LoginTest.FirefoxInvalidTest(LoginTest.java:75)
	at java.base/jdk.internal.reflect.NativeMethodAccessorImpl.invoke0(Native Method)
	at java.base/jdk.internal.reflect.NativeMethodAccessorImpl.invoke(NativeMethodAccessorImpl.java:77)
	at java.base/jdk.internal.reflect.DelegatingMethodAccessorImpl.invoke(DelegatingMethodAccessorImpl.java:43)
</error>
  </testcase>
  <testcase classname="demo.LoginTest" name="FirefoxValidTest" time="2.168">
    <error message="Reached error page: about:neterror?e=dnsNotFound&amp;u=https%3A//www.github.com/&amp;c=UTF-8&amp;d=We%20can%E2%80%99t%20connect%20to%20the%20server%20at%20www.github.com.&#xa;Build info: version: &apos;3.5.0&apos;, revision: &apos;8def36e068&apos;, time: &apos;2017-08-10T23:00:22.093Z&apos;&#xa;System info: host: &apos;OMARSCOMPUTER&apos;, ip: &apos;192.168.56.1&apos;, os.name: &apos;Windows 10&apos;, os.arch: &apos;amd64&apos;, os.version: &apos;10.0&apos;, java.version: &apos;17.0.1&apos;&#xa;Driver info: org.openqa.selenium.firefox.FirefoxDriver&#xa;Capabilities [{moz:profile=C:\Users\OMARFE~1\AppData\Local\Temp\rust_mozprofileFHjL5V, moz:geckodriverVersion=0.31.0, timeouts={implicit=0.0, pageLoad=300000.0, script=30000.0}, pageLoadStrategy=normal, unhandledPromptBehavior=dismiss and notify, strictFileInteractability=false, moz:headless=false, moz:windowless=false, platform=ANY, proxy=Proxy(), moz:accessibilityChecks=false, moz:useNonSpecCompliantPointerOrigin=false, acceptInsecureCerts=false, browserVersion=103.0.1, moz:shutdownTimeout=60000.0, moz:processID=18784.0, browserName=firefox, moz:buildID=20220729222726, javascriptEnabled=true, moz:platformVersion=10.0, platformName=windows, setWindowRect=true, moz:webdriverClick=true}]&#xa;Session ID: 6d0d3a24-7a34-403b-b149-a2dc94af945b" type="org.openqa.selenium.WebDriverException">org.openqa.selenium.WebDriverException: Reached error page: about:neterror?e=dnsNotFound&amp;u=https%3A//www.github.com/&amp;c=UTF-8&amp;d=We%20can%E2%80%99t%20connect%20to%20the%20server%20at%20www.github.com.
Build info: version: &apos;3.5.0&apos;, revision: &apos;8def36e068&apos;, time: &apos;2017-08-10T23:00:22.093Z&apos;
System info: host: &apos;OMARSCOMPUTER&apos;, ip: &apos;192.168.56.1&apos;, os.name: &apos;Windows 10&apos;, os.arch: &apos;amd64&apos;, os.version: &apos;10.0&apos;, java.version: &apos;17.0.1&apos;
Driver info: org.openqa.selenium.firefox.FirefoxDriver
Capabilities [{moz:profile=C:\Users\OMARFE~1\AppData\Local\Temp\rust_mozprofileFHjL5V, moz:geckodriverVersion=0.31.0, timeouts={implicit=0.0, pageLoad=300000.0, script=30000.0}, pageLoadStrategy=normal, unhandledPromptBehavior=dismiss and notify, strictFileInteractability=false, moz:headless=false, moz:windowless=false, platform=ANY, proxy=Proxy(), moz:accessibilityChecks=false, moz:useNonSpecCompliantPointerOrigin=false, acceptInsecureCerts=false, browserVersion=103.0.1, moz:shutdownTimeout=60000.0, moz:processID=18784.0, browserName=firefox, moz:buildID=20220729222726, javascriptEnabled=true, moz:platformVersion=10.0, platformName=windows, setWindowRect=true, moz:webdriverClick=true}]
Session ID: 6d0d3a24-7a34-403b-b149-a2dc94af945b
	at java.base/jdk.internal.reflect.NativeConstructorAccessorImpl.newInstance0(Native Method)
	at java.base/jdk.internal.reflect.NativeConstructorAccessorImpl.newInstance(NativeConstructorAccessorImpl.java:77)
	at java.base/jdk.internal.reflect.DelegatingConstructorAccessorImpl.newInstance(DelegatingConstructorAccessorImpl.java:45)
	at java.base/java.lang.reflect.Constructor.newInstanceWithCaller(Constructor.java:499)
	at java.base/java.lang.reflect.Constructor.newInstance(Constructor.java:480)
	at org.openqa.selenium.remote.http.W3CHttpResponseCodec.createException(W3CHttpResponseCodec.java:185)
	at org.openqa.selenium.remote.http.W3CHttpResponseCodec.decode(W3CHttpResponseCodec.java:120)
	at org.openqa.selenium.remote.http.W3CHttpResponseCodec.decode(W3CHttpResponseCodec.java:49)
	at org.openqa.selenium.remote.HttpCommandExecutor.execute(HttpCommandExecutor.java:164)
	at org.openqa.selenium.remote.service.DriverCommandExecutor.execute(DriverCommandExecutor.java:82)
	at org.openqa.selenium.remote.RemoteWebDriver.execute(RemoteWebDriver.java:641)
	at org.openqa.selenium.remote.RemoteWebDriver.get(RemoteWebDriver.java:368)
	at org.openqa.selenium.remote.RemoteWebDriver$RemoteNavigation.to(RemoteWebDriver.java:949)
	at demo.LoginTest.FirefoxValidTest(LoginTest.java:110)
	at java.base/jdk.internal.reflect.NativeMethodAccessorImpl.invoke0(Native Method)
	at java.base/jdk.internal.reflect.NativeMethodAccessorImpl.invoke(NativeMethodAccessorImpl.java:77)
	at java.base/jdk.internal.reflect.DelegatingMethodAccessorImpl.invoke(DelegatingMethodAccessorImpl.java:43)
</error>
  </testcase>
  <system-out><![CDATA[]]></system-out>
  <system-err><![CDATA[Starting ChromeDriver 103.0.5060.134 (8ec6fce403b3feb0869b0732eda8bd95011d333c-refs/branch-heads/5060@{#1262}) on port 18877
Only local connections are allowed.
Please see https://chromedriver.chromium.org/security-considerations for suggestions on keeping ChromeDriver safe.
ChromeDriver was started successfully.
log4j:WARN No appenders could be found for logger (org.apache.http.client.protocol.RequestAddCookies).
log4j:WARN Please initialize the log4j system properly.
log4j:WARN See http://logging.apache.org/log4j/1.2/faq.html#noconfig for more info.
Starting ChromeDriver 103.0.5060.134 (8ec6fce403b3feb0869b0732eda8bd95011d333c-refs/branch-heads/5060@{#1262}) on port 39272
Only local connections are allowed.
Please see https://chromedriver.chromium.org/security-considerations for suggestions on keeping ChromeDriver safe.
ChromeDriver was started successfully.
Starting MSEdgeDriver 101.0.1210.53 (019dbf6dd738aa1846d87f5734878db0ee9df370) on port 40920
Only local connections are allowed.
Please see https://chromedriver.chromium.org/security-considerations for suggestions on keeping MSEdgeDriver safe.
MSEdgeDriver was started successfully.
Starting MSEdgeDriver 101.0.1210.53 (019dbf6dd738aa1846d87f5734878db0ee9df370) on port 11193
Only local connections are allowed.
Please see https://chromedriver.chromium.org/security-considerations for suggestions on keeping MSEdgeDriver safe.
MSEdgeDriver was started successfully.
1659530534109	geckodriver	INFO	Listening on 127.0.0.1:33897
1659530534124	mozrunner::runner	INFO	Running command: "C:\\Program Files\\Mozilla Firefox\\firefox.exe" "--marionette" "-no-remote" "-profile" "C:\\Users\\OMARFE~1\\AppData\\Local\\Temp\\rust_mozprofile29tJbW"
1659530534503	Marionette	INFO	Marionette enabled
1659530534508	Marionette	INFO	Listening on port 52123
Read port: 52123
console.warn: SearchSettings: "get: No settings file exists, new profile?" (new NotFoundError("Could not open the file at C:\\Users\\OMARFE~1\\AppData\\Local\\Temp\\rust_mozprofile29tJbW\\search.json.mozlz4", (void 0)))
Aug 03, 2022 2:42:16 PM org.openqa.selenium.remote.ProtocolHandshake createSession
INFO: Detected dialect: W3C
console.error: Region.jsm: "Error fetching region" (new Error("TIMEOUT", "resource://gre/modules/Region.jsm", 769))
console.error: Region.jsm: "Failed to fetch region" (new Error("TIMEOUT", "resource://gre/modules/Region.jsm", 421))
1659530575972	geckodriver	INFO	Listening on 127.0.0.1:46103
1659530575993	mozrunner::runner	INFO	Running command: "C:\\Program Files\\Mozilla Firefox\\firefox.exe" "--marionette" "-no-remote" "-profile" "C:\\Users\\OMARFE~1\\AppData\\Local\\Temp\\rust_mozprofileFHjL5V"
1659530576373	Marionette	INFO	Marionette enabled
1659530576379	Marionette	INFO	Listening on port 52202
Read port: 52202
console.error: Region.jsm: "Error fetching region" (new TypeError("NetworkError when attempting to fetch resource.", ""))
console.error: Region.jsm: "Failed to fetch region" (new Error("NO_RESULT", "resource://gre/modules/Region.jsm", 421))
console.warn: SearchSettings: "get: No settings file exists, new profile?" (new NotFoundError("Could not open the file at C:\\Users\\OMARFE~1\\AppData\\Local\\Temp\\rust_mozprofileFHjL5V\\search.json.mozlz4", (void 0)))
Aug 03, 2022 2:42:57 PM org.openqa.selenium.remote.ProtocolHandshake createSession
INFO: Detected dialect: W3C
1659530577919	Marionette	WARN	Ignoring event 'pageshow' because document has an invalid readyState of 'uninitialized'.
]]></system-err>
</testsuite>
